Arguments: 
  /usr/local/bin/node /usr/local/bin/yarn add react-native

PATH: 
  /usr/local/bin:/usr/bin:/bin:/usr/sbin:/sbin

Yarn version: 
  1.9.2

Node version: 
  10.10.0

Platform: 
  darwin x64

Trace: 
  Error: https://registry.npmjs.org/react-native: ETIMEDOUT
      at Timeout._onTimeout (/usr/local/lib/node_modules/yarn/lib/cli.js:138076:19)
      at ontimeout (timers.js:425:11)
      at tryOnTimeout (timers.js:289:5)
      at listOnTimeout (timers.js:252:5)
      at Timer.processTimers (timers.js:212:10)

npm manifest: 
  {
    "name": "MyReactNativeApp",
    "version": "0.0.1",
    "private": true,
    "scripts": {
      "start": "node node_modules/react-native/local-cli/cli.js start"
    }
  }

yarn manifest: 
  No manifest

Lockfile: 
  No lockfile
